{"C:\\wamp\\www\\developerse\\mypluralize\\dist\\index.js":{"path":"C:\\wamp\\www\\developerse\\mypluralize\\dist\\index.js","s":{"1":1,"2":1,"3":1,"4":5,"5":1,"6":1,"7":3,"8":1},"b":{},"f":{"1":5,"2":3},"fnMap":{"1":{"name":"getPlural","line":9,"loc":{"start":{"line":9,"column":0},"end":{"line":9,"column":24}}},"2":{"name":"getSingular","line":18,"loc":{"start":{"line":18,"column":0},"end":{"line":18,"column":26}}}},"statementMap":{"1":{"start":{"line":2,"column":0},"end":{"line":2,"column":62}},"2":{"start":{"line":3,"column":0},"end":{"line":3,"column":37}},"3":{"start":{"line":9,"column":0},"end":{"line":11,"column":1}},"4":{"start":{"line":10,"column":4},"end":{"line":10,"column":33}},"5":{"start":{"line":12,"column":0},"end":{"line":12,"column":30}},"6":{"start":{"line":18,"column":0},"end":{"line":20,"column":1}},"7":{"start":{"line":19,"column":4},"end":{"line":19,"column":35}},"8":{"start":{"line":21,"column":0},"end":{"line":21,"column":34}}},"branchMap":{}}}