{"C:\\wamp\\www\\developerse\\mypluralize\\dist\\index.js":{"path":"C:\\wamp\\www\\developerse\\mypluralize\\dist\\index.js","s":{"1":1,"2":1,"3":1,"4":5,"5":1},"b":{},"f":{"1":5},"fnMap":{"1":{"name":"getPlural","line":9,"loc":{"start":{"line":9,"column":0},"end":{"line":9,"column":24}}}},"statementMap":{"1":{"start":{"line":2,"column":0},"end":{"line":2,"column":62}},"2":{"start":{"line":3,"column":0},"end":{"line":3,"column":37}},"3":{"start":{"line":9,"column":0},"end":{"line":11,"column":1}},"4":{"start":{"line":10,"column":4},"end":{"line":10,"column":33}},"5":{"start":{"line":12,"column":0},"end":{"line":12,"column":30}}},"branchMap":{}}}